BEGIN;
BEGIN
EXPLAIN (ANALYZE, BUFFERS)
select
	sum(l_extendedprice) / 7.0 as avg_yearly
from
	lineitem,
	part
where
	p_partkey = l_partkey
	and p_brand = 'Brand#32'
	and p_container = 'JUMBO BOX'
	and l_quantity < (
		select
			0.2 * avg(l_quantity)
		from
			lineitem
		where
			l_partkey = p_partkey
	);
                                                                                               QUERY PLAN                                                                                               
--------------------------------------------------------------------------------------------------------------------------------------------------------------------------------------------------------
 Aggregate  (cost=356249.67..356249.69 rows=1 width=4) (actual time=549.836..549.836 rows=1 loops=1)
   Buffers: shared hit=62865 read=19560 dirtied=175
   ->  Nested Loop  (cost=130.19..356199.41 rows=20105 width=4) (actual time=0.899..548.880 rows=5345 loops=1)
         Buffers: shared hit=62865 read=19560 dirtied=175
         ->  Index Only Scan using part_p_container_p_brand_p_partkey_idx on part  (cost=0.43..7917.23 rows=2005 width=4) (actual time=0.156..29.133 rows=1965 loops=1)
               Index Cond: ((p_container = 'JUMBO BOX'::bpchar) AND (p_brand = 'Brand#32'::bpchar))
               Heap Fetches: 1965
               Buffers: shared hit=45 read=1893
         ->  Index Scan using lineitem_l_partkey_l_quantity_l_shipmode_idx on lineitem  (cost=129.76..173.61 rows=10 width=12) (actual time=0.005..0.006 rows=3 loops=1965)
               Index Cond: ((l_partkey = part.p_partkey) AND (l_quantity < (SubPlan 1)))
               Buffers: shared hit=13235
               SubPlan 1
                 ->  Aggregate  (cost=129.19..129.20 rows=1 width=4) (actual time=0.255..0.256 rows=1 loops=1965)
                       Buffers: shared hit=49585 read=17667 dirtied=175
                       ->  Index Only Scan using lineitem_l_partkey_l_quantity_l_shipmode_idx on lineitem lineitem_1  (cost=0.56..129.11 rows=31 width=4) (actual time=0.032..0.248 rows=30 loops=1965)
                             Index Cond: (l_partkey = part.p_partkey)
                             Heap Fetches: 59103
                             Buffers: shared hit=49585 read=17667 dirtied=175
               SubPlan 1
                 ->  Aggregate  (cost=129.19..129.20 rows=1 width=4) (actual time=0.255..0.256 rows=1 loops=1965)
                       Buffers: shared hit=49585 read=17667 dirtied=175
                       ->  Index Only Scan using lineitem_l_partkey_l_quantity_l_shipmode_idx on lineitem lineitem_1  (cost=0.56..129.11 rows=31 width=4) (actual time=0.032..0.248 rows=30 loops=1965)
                             Index Cond: (l_partkey = part.p_partkey)
                             Heap Fetches: 59103
                             Buffers: shared hit=49585 read=17667 dirtied=175
 Planning time: 2.386 ms
 Execution time: 550.000 ms
(27 rows)

COMMIT;
COMMIT
