BEGIN;
BEGIN
EXPLAIN (ANALYZE, BUFFERS)
select
	sum(l_extendedprice) / 7.0 as avg_yearly
from
	lineitem,
	part
where
	p_partkey = l_partkey
	and p_brand = 'Brand#44'
	and p_container = 'JUMBO JAR'
	and l_quantity < (
		select
			0.2 * avg(l_quantity)
		from
			lineitem
		where
			l_partkey = p_partkey
	);
                                                                                               QUERY PLAN                                                                                               
--------------------------------------------------------------------------------------------------------------------------------------------------------------------------------------------------------
 Aggregate  (cost=372023.85..372023.87 rows=1 width=4) (actual time=674.325..674.325 rows=1 loops=1)
   Buffers: shared hit=56098 read=30012 dirtied=315
   ->  Nested Loop  (cost=130.19..371971.05 rows=21123 width=4) (actual time=0.592..673.360 rows=5545 loops=1)
         Buffers: shared hit=56098 read=30012 dirtied=315
         ->  Index Only Scan using part_p_container_p_brand_p_partkey_idx on part  (cost=0.43..8258.87 rows=2094 width=4) (actual time=0.122..31.096 rows=2044 loops=1)
               Index Cond: ((p_container = 'JUMBO JAR'::bpchar) AND (p_brand = 'Brand#44'::bpchar))
               Heap Fetches: 2044
               Buffers: shared read=2020
         ->  Index Scan using lineitem_l_partkey_l_quantity_l_shipmode_idx on lineitem  (cost=129.76..173.59 rows=10 width=12) (actual time=0.005..0.006 rows=3 loops=2044)
               Index Cond: ((l_partkey = part.p_partkey) AND (l_quantity < (SubPlan 1)))
               Buffers: shared hit=13768
               SubPlan 1
                 ->  Aggregate  (cost=129.19..129.20 rows=1 width=4) (actual time=0.305..0.305 rows=1 loops=2044)
                       Buffers: shared hit=42330 read=27992 dirtied=315
                       ->  Index Only Scan using lineitem_l_partkey_l_quantity_l_shipmode_idx on lineitem lineitem_1  (cost=0.56..129.11 rows=31 width=4) (actual time=0.034..0.297 rows=30 loops=2044)
                             Index Cond: (l_partkey = part.p_partkey)
                             Heap Fetches: 61834
                             Buffers: shared hit=42330 read=27992 dirtied=315
               SubPlan 1
                 ->  Aggregate  (cost=129.19..129.20 rows=1 width=4) (actual time=0.305..0.305 rows=1 loops=2044)
                       Buffers: shared hit=42330 read=27992 dirtied=315
                       ->  Index Only Scan using lineitem_l_partkey_l_quantity_l_shipmode_idx on lineitem lineitem_1  (cost=0.56..129.11 rows=31 width=4) (actual time=0.034..0.297 rows=30 loops=2044)
                             Index Cond: (l_partkey = part.p_partkey)
                             Heap Fetches: 61834
                             Buffers: shared hit=42330 read=27992 dirtied=315
 Planning time: 3.343 ms
 Execution time: 674.490 ms
(27 rows)

COMMIT;
COMMIT
