BEGIN;
BEGIN
EXPLAIN (ANALYZE, BUFFERS)
select
	s_name,
	count(*) as numwait
from
	supplier,
	lineitem l1,
	orders,
	nation
where
	s_suppkey = l1.l_suppkey
	and o_orderkey = l1.l_orderkey
	and o_orderstatus = 'F'
	and l1.l_receiptdate > l1.l_commitdate
	and exists (
		select
			*
		from
			lineitem l2
		where
			l2.l_orderkey = l1.l_orderkey
			and l2.l_suppkey <> l1.l_suppkey
	)
	and not exists (
		select
			*
		from
			lineitem l3
		where
			l3.l_orderkey = l1.l_orderkey
			and l3.l_suppkey <> l1.l_suppkey
			and l3.l_receiptdate > l3.l_commitdate
	)
	and s_nationkey = n_nationkey
	and n_name = 'ETHIOPIA'
group by
	s_name
order by
	numwait desc,
	s_name
LIMIT 100;
                                                                                                 QUERY PLAN                                                                                                 
------------------------------------------------------------------------------------------------------------------------------------------------------------------------------------------------------------
 Limit  (cost=1967538.06..1967538.06 rows=1 width=26) (actual time=38621.358..38621.375 rows=100 loops=1)
   Buffers: shared hit=13737893 read=639384 written=9
   ->  Sort  (cost=1967538.06..1967538.06 rows=1 width=26) (actual time=38621.356..38621.363 rows=100 loops=1)
         Sort Key: (count(*)), supplier.s_name
         Sort Method: top-N heapsort  Memory: 32kB
         Buffers: shared hit=13737893 read=639384 written=9
         ->  HashAggregate  (cost=1967538.04..1967538.05 rows=1 width=26) (actual time=38619.320..38620.329 rows=3945 loops=1)
               Group Key: supplier.s_name
               Buffers: shared hit=13737885 read=639384 written=9
               ->  Nested Loop Anti Join  (cost=2443.74..1967538.03 rows=1 width=26) (actual time=26.886..38571.514 rows=38953 loops=1)
                     Buffers: shared hit=13737885 read=639384 written=9
                     ->  Nested Loop Semi Join  (cost=2443.17..1967536.73 rows=1 width=34) (actual time=23.982..35917.988 rows=696755 loops=1)
                           Join Filter: (orders.o_orderkey = l2.l_orderkey)
                           Buffers: shared hit=10247703 read=637636 written=9
                           ->  Nested Loop  (cost=2442.61..1443604.19 rows=392083 width=38) (actual time=23.961..31413.873 rows=722891 loops=1)
                                 Buffers: shared hit=6705226 read=559540 written=8
                                 ->  Hash Join  (cost=2442.17..1018747.90 rows=806993 width=34) (actual time=23.919..23877.792 rows=1494987 loops=1)
                                       Hash Cond: (l1.l_suppkey = supplier.s_suppkey)
                                       Buffers: shared hit=738298 read=538442 written=8
                                       ->  Index Scan using lineitem_l_orderkey_idx_part1 on lineitem l1  (cost=0.56..932580.81 rows=20174814 width=8) (actual time=0.073..17469.280 rows=37927367 loops=1)
                                             Buffers: shared hit=736452 read=538429 written=8
                                       ->  Hash  (cost=2391.61..2391.61 rows=4000 width=30) (actual time=23.795..23.795 rows=3945 loops=1)
                                             Buckets: 4096  Batches: 1  Memory Usage: 279kB
                                             Buffers: shared hit=1843 read=13
                                             ->  Nested Loop  (cost=79.29..2391.61 rows=4000 width=30) (actual time=1.285..22.693 rows=3945 loops=1)
                                                   Buffers: shared hit=1843 read=13
                                                   ->  Seq Scan on nation  (cost=0.00..1.31 rows=1 width=4) (actual time=0.007..0.014 rows=1 loops=1)
                                                         Filter: (n_name = 'ETHIOPIA'::bpchar)
                                                         Rows Removed by Filter: 24
                                                         Buffers: shared hit=1
                                                   ->  Bitmap Heap Scan on supplier  (cost=79.29..2350.29 rows=4000 width=34) (actual time=1.271..21.843 rows=3945 loops=1)
                                                         Recheck Cond: (s_nationkey = nation.n_nationkey)
                                                         Heap Blocks: exact=1842
                                                         Buffers: shared hit=1842 read=13
                                                         ->  Bitmap Index Scan on supplier_s_nationkey_s_suppkey_idx  (cost=0.00..78.29 rows=4000 width=0) (actual time=0.990..0.990 rows=3945 loops=1)
                                                               Index Cond: (s_nationkey = nation.n_nationkey)
                                                               Buffers: shared read=13
                                 ->  Index Scan using orders_o_orderkey_o_orderdate_idx on orders  (cost=0.43..0.52 rows=1 width=4) (actual time=0.004..0.004 rows=0 loops=1494987)
                                       Index Cond: (o_orderkey = l1.l_orderkey)
                                       Filter: (o_orderstatus = 'F'::bpchar)
                                       Rows Removed by Filter: 1
                                       Buffers: shared hit=5966928 read=21098
                           ->  Index Scan using lineitem_l_orderkey_idx on lineitem l2  (cost=0.56..1.15 rows=15 width=8) (actual time=0.005..0.005 rows=1 loops=722891)
                                 Index Cond: (l_orderkey = l1.l_orderkey)
                                 Filter: (l_suppkey <> l1.l_suppkey)
                                 Rows Removed by Filter: 0
                                 Buffers: shared hit=3542477 read=78096 written=1
                     ->  Index Scan using lineitem_l_orderkey_idx_part1 on lineitem l3  (cost=0.56..0.91 rows=5 width=8) (actual time=0.003..0.003 rows=1 loops=696755)
                           Index Cond: (l_orderkey = l1.l_orderkey)
                           Filter: (l_suppkey <> l1.l_suppkey)
                           Rows Removed by Filter: 0
                           Buffers: shared hit=3490182 read=1748
 Planning time: 9.961 ms
 Execution time: 38621.722 ms
(54 rows)

COMMIT;
COMMIT
