BEGIN;
BEGIN
EXPLAIN (ANALYZE, BUFFERS)
select
	sum(l_extendedprice) / 7.0 as avg_yearly
from
	lineitem,
	part
where
	p_partkey = l_partkey
	and p_brand = 'Brand#33'
	and p_container = 'MED JAR'
	and l_quantity < (
		select
			0.2 * avg(l_quantity)
		from
			lineitem
		where
			l_partkey = p_partkey
	);
                                                                                               QUERY PLAN                                                                                               
--------------------------------------------------------------------------------------------------------------------------------------------------------------------------------------------------------
 Aggregate  (cost=360678.96..360678.97 rows=1 width=4) (actual time=631.647..631.647 rows=1 loops=1)
   Buffers: shared hit=57537 read=25587 dirtied=60 written=2
   ->  Nested Loop  (cost=130.19..360628.12 rows=20336 width=4) (actual time=0.556..630.823 rows=5215 loops=1)
         Buffers: shared hit=57537 read=25587 dirtied=60 written=2
         ->  Index Only Scan using part_p_container_p_brand_p_partkey_idx on part  (cost=0.43..8013.69 rows=2030 width=4) (actual time=0.118..30.130 rows=1987 loops=1)
               Index Cond: ((p_container = 'MED JAR'::bpchar) AND (p_brand = 'Brand#33'::bpchar))
               Heap Fetches: 1987
               Buffers: shared read=1945
         ->  Index Scan using lineitem_l_partkey_l_quantity_l_shipmode_idx on lineitem  (cost=129.76..173.60 rows=10 width=12) (actual time=0.005..0.006 rows=3 loops=1987)
               Index Cond: ((l_partkey = part.p_partkey) AND (l_quantity < (SubPlan 1)))
               Buffers: shared hit=13200
               SubPlan 1
                 ->  Aggregate  (cost=129.19..129.20 rows=1 width=4) (actual time=0.293..0.293 rows=1 loops=1987)
                       Buffers: shared hit=44337 read=23642 dirtied=60 written=2
                       ->  Index Only Scan using lineitem_l_partkey_l_quantity_l_shipmode_idx on lineitem lineitem_1  (cost=0.56..129.11 rows=31 width=4) (actual time=0.032..0.286 rows=30 loops=1987)
                             Index Cond: (l_partkey = part.p_partkey)
                             Heap Fetches: 59696
                             Buffers: shared hit=44337 read=23642 dirtied=60 written=2
               SubPlan 1
                 ->  Aggregate  (cost=129.19..129.20 rows=1 width=4) (actual time=0.293..0.293 rows=1 loops=1987)
                       Buffers: shared hit=44337 read=23642 dirtied=60 written=2
                       ->  Index Only Scan using lineitem_l_partkey_l_quantity_l_shipmode_idx on lineitem lineitem_1  (cost=0.56..129.11 rows=31 width=4) (actual time=0.032..0.286 rows=30 loops=1987)
                             Index Cond: (l_partkey = part.p_partkey)
                             Heap Fetches: 59696
                             Buffers: shared hit=44337 read=23642 dirtied=60 written=2
 Planning time: 2.655 ms
 Execution time: 631.815 ms
(27 rows)

COMMIT;
COMMIT
