BEGIN;
BEGIN
EXPLAIN (ANALYZE, BUFFERS)
select
	s_name,
	count(*) as numwait
from
	supplier,
	lineitem l1,
	orders,
	nation
where
	s_suppkey = l1.l_suppkey
	and o_orderkey = l1.l_orderkey
	and o_orderstatus = 'F'
	and l1.l_receiptdate > l1.l_commitdate
	and exists (
		select
			*
		from
			lineitem l2
		where
			l2.l_orderkey = l1.l_orderkey
			and l2.l_suppkey <> l1.l_suppkey
	)
	and not exists (
		select
			*
		from
			lineitem l3
		where
			l3.l_orderkey = l1.l_orderkey
			and l3.l_suppkey <> l1.l_suppkey
			and l3.l_receiptdate > l3.l_commitdate
	)
	and s_nationkey = n_nationkey
	and n_name = 'BRAZIL'
group by
	s_name
order by
	numwait desc,
	s_name
LIMIT 100;
                                                                                                 QUERY PLAN                                                                                                 
------------------------------------------------------------------------------------------------------------------------------------------------------------------------------------------------------------
 Limit  (cost=1967538.06..1967538.06 rows=1 width=26) (actual time=36546.312..36546.327 rows=100 loops=1)
   Buffers: shared hit=14163295 read=366138 written=216
   ->  Sort  (cost=1967538.06..1967538.06 rows=1 width=26) (actual time=36546.309..36546.314 rows=100 loops=1)
         Sort Key: (count(*)), supplier.s_name
         Sort Method: top-N heapsort  Memory: 32kB
         Buffers: shared hit=14163295 read=366138 written=216
         ->  HashAggregate  (cost=1967538.04..1967538.05 rows=1 width=26) (actual time=36544.315..36545.278 rows=3995 loops=1)
               Group Key: supplier.s_name
               Buffers: shared hit=14163287 read=366138 written=216
               ->  Nested Loop Anti Join  (cost=2443.74..1967538.03 rows=1 width=26) (actual time=22.799..36496.390 rows=39522 loops=1)
                     Buffers: shared hit=14163287 read=366138 written=216
                     ->  Nested Loop Semi Join  (cost=2443.17..1967536.73 rows=1 width=34) (actual time=22.730..34104.232 rows=704243 loops=1)
                           Join Filter: (orders.o_orderkey = l2.l_orderkey)
                           Buffers: shared hit=10635034 read=365056 written=216
                           ->  Nested Loop  (cost=2442.61..1443604.19 rows=392083 width=38) (actual time=22.711..30322.953 rows=730950 loops=1)
                                 Buffers: shared hit=6986813 read=352628 written=204
                                 ->  Hash Join  (cost=2442.17..1018747.90 rows=806993 width=34) (actual time=22.525..23336.977 rows=1514758 loops=1)
                                       Hash Cond: (l1.l_suppkey = supplier.s_suppkey)
                                       Buffers: shared hit=921181 read=350956 written=204
                                       ->  Index Scan using lineitem_l_orderkey_idx_part1 on lineitem l1  (cost=0.56..932580.81 rows=20174814 width=8) (actual time=0.057..16973.573 rows=37927367 loops=1)
                                             Buffers: shared hit=919328 read=350944 written=204
                                       ->  Hash  (cost=2391.61..2391.61 rows=4000 width=30) (actual time=22.415..22.415 rows=3995 loops=1)
                                             Buckets: 4096  Batches: 1  Memory Usage: 282kB
                                             Buffers: shared hit=1850 read=12
                                             ->  Nested Loop  (cost=79.29..2391.61 rows=4000 width=30) (actual time=1.140..21.276 rows=3995 loops=1)
                                                   Buffers: shared hit=1850 read=12
                                                   ->  Seq Scan on nation  (cost=0.00..1.31 rows=1 width=4) (actual time=0.010..0.023 rows=1 loops=1)
                                                         Filter: (n_name = 'BRAZIL'::bpchar)
                                                         Rows Removed by Filter: 24
                                                         Buffers: shared hit=1
                                                   ->  Bitmap Heap Scan on supplier  (cost=79.29..2350.29 rows=4000 width=34) (actual time=1.124..20.461 rows=3995 loops=1)
                                                         Recheck Cond: (s_nationkey = nation.n_nationkey)
                                                         Heap Blocks: exact=1848
                                                         Buffers: shared hit=1849 read=12
                                                         ->  Bitmap Index Scan on supplier_s_nationkey_s_suppkey_idx  (cost=0.00..78.29 rows=4000 width=0) (actual time=0.845..0.845 rows=3995 loops=1)
                                                               Index Cond: (s_nationkey = nation.n_nationkey)
                                                               Buffers: shared hit=1 read=12
                                 ->  Index Scan using orders_o_orderkey_o_orderdate_idx on orders  (cost=0.43..0.52 rows=1 width=4) (actual time=0.004..0.004 rows=0 loops=1514758)
                                       Index Cond: (o_orderkey = l1.l_orderkey)
                                       Filter: (o_orderstatus = 'F'::bpchar)
                                       Rows Removed by Filter: 1
                                       Buffers: shared hit=6065632 read=1672
                           ->  Index Scan using lineitem_l_orderkey_idx on lineitem l2  (cost=0.56..1.15 rows=15 width=8) (actual time=0.004..0.004 rows=1 loops=730950)
                                 Index Cond: (l_orderkey = l1.l_orderkey)
                                 Filter: (l_suppkey <> l1.l_suppkey)
                                 Rows Removed by Filter: 0
                                 Buffers: shared hit=3648221 read=12428 written=12
                     ->  Index Scan using lineitem_l_orderkey_idx_part1 on lineitem l3  (cost=0.56..0.91 rows=5 width=8) (actual time=0.003..0.003 rows=1 loops=704243)
                           Index Cond: (l_orderkey = l1.l_orderkey)
                           Filter: (l_suppkey <> l1.l_suppkey)
                           Rows Removed by Filter: 0
                           Buffers: shared hit=3528253 read=1082
 Planning time: 9.673 ms
 Execution time: 36546.647 ms
(54 rows)

COMMIT;
COMMIT
