BEGIN;
BEGIN
EXPLAIN (ANALYZE, BUFFERS)
select
	s_name,
	count(*) as numwait
from
	supplier,
	lineitem l1,
	orders,
	nation
where
	s_suppkey = l1.l_suppkey
	and o_orderkey = l1.l_orderkey
	and o_orderstatus = 'F'
	and l1.l_receiptdate > l1.l_commitdate
	and exists (
		select
			*
		from
			lineitem l2
		where
			l2.l_orderkey = l1.l_orderkey
			and l2.l_suppkey <> l1.l_suppkey
	)
	and not exists (
		select
			*
		from
			lineitem l3
		where
			l3.l_orderkey = l1.l_orderkey
			and l3.l_suppkey <> l1.l_suppkey
			and l3.l_receiptdate > l3.l_commitdate
	)
	and s_nationkey = n_nationkey
	and n_name = 'JORDAN'
group by
	s_name
order by
	numwait desc,
	s_name
LIMIT 100;
                                                                                                 QUERY PLAN                                                                                                 
------------------------------------------------------------------------------------------------------------------------------------------------------------------------------------------------------------
 Limit  (cost=1956115.03..1956115.03 rows=1 width=26) (actual time=41133.825..41133.842 rows=100 loops=1)
   Buffers: shared hit=13574976 read=765461 dirtied=306 written=13600
   ->  Sort  (cost=1956115.03..1956115.03 rows=1 width=26) (actual time=41133.822..41133.829 rows=100 loops=1)
         Sort Key: (count(*)), supplier.s_name
         Sort Method: top-N heapsort  Memory: 32kB
         Buffers: shared hit=13574976 read=765461 dirtied=306 written=13600
         ->  HashAggregate  (cost=1956115.01..1956115.02 rows=1 width=26) (actual time=41130.628..41132.621 rows=3933 loops=1)
               Group Key: supplier.s_name
               Buffers: shared hit=13574968 read=765461 dirtied=306 written=13600
               ->  Nested Loop Anti Join  (cost=2443.74..1956115.00 rows=1 width=26) (actual time=22.891..41065.769 rows=39074 loops=1)
                     Buffers: shared hit=13574968 read=765461 dirtied=306 written=13600
                     ->  Nested Loop Semi Join  (cost=2443.17..1956113.70 rows=1 width=34) (actual time=22.663..38516.238 rows=694310 loops=1)
                           Join Filter: (orders.o_orderkey = l2.l_orderkey)
                           Buffers: shared hit=10097184 read=763585 dirtied=306 written=13563
                           ->  Nested Loop  (cost=2442.61..1435259.85 rows=389825 width=38) (actual time=22.643..33658.631 rows=720767 loops=1)
                                 Buffers: shared hit=6613698 read=637251 dirtied=306 written=12443
                                 ->  Hash Join  (cost=2442.17..1012898.16 rows=802346 width=34) (actual time=22.621..25499.043 rows=1491961 loops=1)
                                       Hash Cond: (l1.l_suppkey = supplier.s_suppkey)
                                       Buffers: shared hit=723829 read=551117 dirtied=306 written=11233
                                       ->  Index Scan using lineitem_l_orderkey_idx_part1 on lineitem l1  (cost=0.56..927213.11 rows=20058660 width=8) (actual time=0.069..18395.527 rows=37928885 loops=1)
                                             Buffers: shared hit=721968 read=551104 dirtied=306 written=11233
                                       ->  Hash  (cost=2391.61..2391.61 rows=4000 width=30) (actual time=22.495..22.495 rows=3933 loops=1)
                                             Buckets: 4096  Batches: 1  Memory Usage: 278kB
                                             Buffers: shared hit=1858 read=13
                                             ->  Nested Loop  (cost=79.29..2391.61 rows=4000 width=30) (actual time=1.142..21.444 rows=3933 loops=1)
                                                   Buffers: shared hit=1858 read=13
                                                   ->  Seq Scan on nation  (cost=0.00..1.31 rows=1 width=4) (actual time=0.008..0.013 rows=1 loops=1)
                                                         Filter: (n_name = 'JORDAN'::bpchar)
                                                         Rows Removed by Filter: 24
                                                         Buffers: shared hit=1
                                                   ->  Bitmap Heap Scan on supplier  (cost=79.29..2350.29 rows=4000 width=34) (actual time=1.128..20.632 rows=3933 loops=1)
                                                         Recheck Cond: (s_nationkey = nation.n_nationkey)
                                                         Heap Blocks: exact=1857
                                                         Buffers: shared hit=1857 read=13
                                                         ->  Bitmap Index Scan on supplier_s_nationkey_s_suppkey_idx  (cost=0.00..78.29 rows=4000 width=0) (actual time=0.824..0.824 rows=3933 loops=1)
                                                               Index Cond: (s_nationkey = nation.n_nationkey)
                                                               Buffers: shared read=13
                                 ->  Index Scan using orders_o_orderkey_o_orderdate_idx on orders  (cost=0.43..0.52 rows=1 width=4) (actual time=0.005..0.005 rows=0 loops=1491961)
                                       Index Cond: (o_orderkey = l1.l_orderkey)
                                       Filter: (o_orderstatus = 'F'::bpchar)
                                       Rows Removed by Filter: 1
                                       Buffers: shared hit=5889869 read=86134 written=1210
                           ->  Index Scan using lineitem_l_orderkey_idx on lineitem l2  (cost=0.56..1.15 rows=15 width=8) (actual time=0.006..0.006 rows=1 loops=720767)
                                 Index Cond: (l_orderkey = l1.l_orderkey)
                                 Filter: (l_suppkey <> l1.l_suppkey)
                                 Rows Removed by Filter: 0
                                 Buffers: shared hit=3483486 read=126334 written=1120
                     ->  Index Scan using lineitem_l_orderkey_idx_part1 on lineitem l3  (cost=0.56..0.91 rows=5 width=8) (actual time=0.003..0.003 rows=1 loops=694310)
                           Index Cond: (l_orderkey = l1.l_orderkey)
                           Filter: (l_suppkey <> l1.l_suppkey)
                           Rows Removed by Filter: 0
                           Buffers: shared hit=3477784 read=1876 written=37
 Planning time: 9.890 ms
 Execution time: 41134.204 ms
(54 rows)

COMMIT;
COMMIT
